<?xml version="1.0" encoding="UTF-8"?>
<testsuite xmlns:xsi="http://www.w3.org/2001/XMLSchema-instance" xsi:noNamespaceSchemaLocation="https://maven.apache.org/surefire/maven-surefire-plugin/xsd/surefire-test-report-3.0.xsd" version="3.0" name="com.javamastery.java8.DefaultMethodsTest" time="0.03" tests="4" errors="0" skipped="0" failures="0">
  <properties>
[...]
</properties>
  <testcase name="defaultMethodCanBeOverridden" classname="com.javamastery.java8.DefaultMethodsTest" time="0.016"/>
  <testcase name="defaultMethodWorks" classname="com.javamastery.java8.DefaultMethodsTest" time="0.004"/>
  <testcase name="staticMethodOnInterface" classname="com.javamastery.java8.DefaultMethodsTest" time="0.003"/>
  <testcase name="diamondProblemResolved" classname="com.javamastery.java8.DefaultMethodsTest" time="0.003"/>
</testsuite>